[2025-11-07 12:37:50] === BẮT ĐẦU INGESTION PIPELINE ===
[2025-11-07 12:37:50] Bắt đầu tải PDF...
[2025-11-07 12:39:40] === BẮT ĐẦU INGESTION PIPELINE ===
[2025-11-07 12:39:40] Bắt đầu tải PDF...
[2025-11-07 12:39:41] Đã có/tải được 0 bản ghi có đường dẫn PDF.
[2025-11-07 12:39:41] Bắt đầu trích xuất văn bản từ PDF...
[2025-11-07 12:39:41] Trích văn bản thành công 0/0 PDF.
[2025-11-07 12:39:41] Không trích xuất được PDF nào. Kiểm tra lại metadata hoặc mạng.
[2025-11-07 12:42:57] === BẮT ĐẦU INGESTION PIPELINE ===
[2025-11-07 12:42:57] Bắt đầu tải PDF...
[2025-11-07 12:44:49] === BẮT ĐẦU INGESTION PIPELINE ===
[2025-11-07 12:44:49] Bắt đầu tải PDF...
[2025-11-07 13:36:06] === BẮT ĐẦU INGESTION PIPELINE ===
[2025-11-07 13:36:06] Bắt đầu tải PDF...
[2025-11-07 13:38:19] === BẮT ĐẦU INGESTION PIPELINE ===
[2025-11-07 13:38:19] Bắt đầu tải PDF...
[2025-11-07 13:47:29] === BẮT ĐẦU INGESTION PIPELINE ===
[2025-11-07 13:47:29] Bắt đầu tải PDF...
[2025-11-07 13:49:00] === BẮT ĐẦU INGESTION PIPELINE ===
[2025-11-07 13:49:00] Bắt đầu tải PDF...
